Lamb2016/easeUIDemo/build/outputs/logs/manifest-merger-release-report.txt
-- Merging decision tree log ---
manifest
ADDED from src\main\AndroidManifest.xml:2:1-386:12
	package
		ADDED from src\main\AndroidManifest.xml:3:5-31
		INJECTED from src\main\AndroidManifest.xml
		INJECTED from src\main\AndroidManifest.xml
	android:versionName
		ADDED from src\main\AndroidManifest.xml:5:5-32
		INJECTED from src\main\AndroidManifest.xml
		INJECTED from src\main\AndroidManifest.xml
	android:versionCode
		ADDED from src\main\AndroidManifest.xml:4:5-28
		INJECTED from src\main\AndroidManifest.xml
		INJECTED from src\main\AndroidManifest.xml
	xmlns:android
		ADDED from src\main\AndroidManifest.xml:2:11-69
uses-sdk
ADDED from src\main\AndroidManifest.xml:7:5-9:41
MERGED from [com.android.support:multidex:1.0.1] AndroidManifest.xml:18:5-42
MERGED from [Lamb2016:easeUI:unspecified] AndroidManifest.xml:7:5-9:41
MERGED from [com.android.support:support-v4:20.0.0] AndroidManifest.xml:16:5-42
	android:targetSdkVersion
		ADDED from src\main\AndroidManifest.xml:9:9-38
		INJECTED from src\main\AndroidManifest.xml
		INJECTED from src\main\AndroidManifest.xml
	android:minSdkVersion
		ADDED from src\main\AndroidManifest.xml:8:9-35
		INJECTED from src\main\AndroidManifest.xml
		INJECTED from src\main\AndroidManifest.xml
uses-permission#android.permission.VIBRATE
ADDED from src\main\AndroidManifest.xml:11:5-66
	android:name
		ADDED from src\main\AndroidManifest.xml:11:22-63
uses-permission#android.permission.INTERNET
ADDED from src\main\AndroidManifest.xml:12:5-66
	android:name
		ADDED from src\main\AndroidManifest.xml:12:22-64
uses-permission#android.permission.WRITE_EXTERNAL_STORAGE
ADDED from src\main\AndroidManifest.xml:13:5-80
	android:name
		ADDED from src\main\AndroidManifest.xml:13:22-78
uses-permission#android.permission.READ_EXTERNAL_STORAGE
ADDED from src\main\AndroidManifest.xml:14:5-79
	android:name
		ADDED from src\main\AndroidManifest.xml:14:22-77
uses-permission#android.permission.RECORD_AUDIO
ADDED from src\main\AndroidManifest.xml:15:5-71
	android:name
		ADDED from src\main\AndroidManifest.xml:15:22-68
uses-permission#android.permission.CAMERA
ADDED from src\main\AndroidManifest.xml:16:5-65
	android:name
		ADDED from src\main\AndroidManifest.xml:16:22-62
uses-permission#android.permission.ACCESS_NETWORK_STATE
ADDED from src\main\AndroidManifest.xml:17:5-79
	android:name
		ADDED from src\main\AndroidManifest.xml:17:22-76
uses-permission#android.permission.MOUNT_UNMOUNT_FILESYSTEMS
ADDED from src\main\AndroidManifest.xml:18:5-84
	android:name
		ADDED from src\main\AndroidManifest.xml:18:22-81
uses-permission#android.permission.ACCESS_FINE_LOCATION
ADDED from src\main\AndroidManifest.xml:19:5-79
	android:name
		ADDED from src\main\AndroidManifest.xml:19:22-76
uses-permission#android.permission.GET_TASKS
ADDED from src\main\AndroidManifest.xml:20:5-68
	android:name
		ADDED from src\main\AndroidManifest.xml:20:22-65
uses-permission#android.permission.ACCESS_WIFI_STATE
ADDED from src\main\AndroidManifest.xml:21:5-76
	android:name
		ADDED from src\main\AndroidManifest.xml:21:22-73
uses-permission#android.permission.CHANGE_WIFI_STATE
ADDED from src\main\AndroidManifest.xml:22:5-76
	android:name
		ADDED from src\main\AndroidManifest.xml:22:22-73
uses-permission#android.permission.WAKE_LOCK
ADDED from src\main\AndroidManifest.xml:23:5-68
	android:name
		ADDED from src\main\AndroidManifest.xml:23:22-65
uses-permission#android.permission.MODIFY_AUDIO_SETTINGS
ADDED from src\main\AndroidManifest.xml:24:5-80
	android:name
		ADDED from src\main\AndroidManifest.xml:24:22-77
uses-permission#android.permission.READ_PHONE_STATE
ADDED from src\main\AndroidManifest.xml:25:5-75
	android:name
		ADDED from src\main\AndroidManifest.xml:25:22-72
uses-permission#android.permission.RECEIVE_BOOT_COMPLETED
ADDED from src\main\AndroidManifest.xml:26:5-81
	android:name
		ADDED from src\main\AndroidManifest.xml:26:22-78
uses-permission#android.permission.GET_ACCOUNTS
ADDED from src\main\AndroidManifest.xml:27:5-71
	android:name
		ADDED from src\main\AndroidManifest.xml:27:22-68
uses-permission#android.permission.USE_CREDENTIALS
ADDED from src\main\AndroidManifest.xml:28:5-74
	android:name
		ADDED from src\main\AndroidManifest.xml:28:22-71
uses-permission#android.permission.MANAGE_ACCOUNTS
ADDED from src\main\AndroidManifest.xml:29:5-74
	android:name
		ADDED from src\main\AndroidManifest.xml:29:22-71
uses-permission#android.permission.AUTHENTICATE_ACCOUNTS
ADDED from src\main\AndroidManifest.xml:30:5-80
	android:name
		ADDED from src\main\AndroidManifest.xml:30:22-77
uses-permission#com.android.launcher.permission.READ_SETTINGS
ADDED from src\main\AndroidManifest.xml:31:5-85
	android:name
		ADDED from src\main\AndroidManifest.xml:31:22-82
uses-permission#android.permission.BROADCAST_STICKY
ADDED from src\main\AndroidManifest.xml:32:5-75
	android:name
		ADDED from src\main\AndroidManifest.xml:32:22-72
uses-permission#android.permission.WRITE_SETTINGS
ADDED from src\main\AndroidManifest.xml:33:5-73
	android:name
		ADDED from src\main\AndroidManifest.xml:33:22-70
uses-permission#com.google.android.c2dm.permission.RECEIVE
ADDED from src\main\AndroidManifest.xml:34:5-82
	android:name
		ADDED from src\main\AndroidManifest.xml:34:22-79
permission#com.easemob.lamb.permission.C2D_MESSAGE
ADDED from src\main\AndroidManifest.xml:36:5-37:47
	android:protectionLevel
		ADDED from src\main\AndroidManifest.xml:37:9-44
	android:name
		ADDED from src\main\AndroidManifest.xml:36:17-71
uses-permission#com.easemob.chatuidemo.permission.C2D_MESSAGE
ADDED from src\main\AndroidManifest.xml:38:5-85
	android:name
		ADDED from src\main\AndroidManifest.xml:38:22-82
application
ADDED from src\main\AndroidManifest.xml:41:5-384:25
MERGED from [com.android.support:support-v4:20.0.0] AndroidManifest.xml:17:5-19
	android:label
		ADDED from src\main\AndroidManifest.xml:45:9-41
	android:allowBackup
		ADDED from src\main\AndroidManifest.xml:43:9-35
	android:icon
		ADDED from src\main\AndroidManifest.xml:44:9-43
	android:name
		ADDED from src\main\AndroidManifest.xml:42:9-39
activity#com.easemob.lamb.ui.MainActivity
ADDED from src\main\AndroidManifest.xml:46:9-52:20
	android:screenOrientation
		ADDED from src\main\AndroidManifest.xml:49:13-49
	android:launchMode
		ADDED from src\main\AndroidManifest.xml:48:13-44
	android:windowSoftInputMode
		ADDED from src\main\AndroidManifest.xml:51:13-52
	android:theme
		ADDED from src\main\AndroidManifest.xml:50:13-52
	android:name
		ADDED from src\main\AndroidManifest.xml:47:13-60
activity#com.easemob.lamb.ui.SplashActivity
ADDED from src\main\AndroidManifest.xml:55:9-64:20
	android:screenOrientation
		ADDED from src\main\AndroidManifest.xml:57:13-49
	android:theme
		ADDED from src\main\AndroidManifest.xml:58:13-52
	android:name
		ADDED from src\main\AndroidManifest.xml:56:13-62
intent-filter#android.intent.action.MAIN+android.intent.category.LAUNCHER
ADDED from src\main\AndroidManifest.xml:59:13-63:29
action#android.intent.action.MAIN
ADDED from src\main\AndroidManifest.xml:60:17-69
	android:name
		ADDED from src\main\AndroidManifest.xml:60:25-66
category#android.intent.category.LAUNCHER
ADDED from src\main\AndroidManifest.xml:62:17-77
	android:name
		ADDED from src\main\AndroidManifest.xml:62:27-74
activity#com.easemob.lamb.ui.LoginActivity
ADDED from src\main\AndroidManifest.xml:67:9-71:20
	android:screenOrientation
		ADDED from src\main\AndroidManifest.xml:69:13-49
	android:theme
		ADDED from src\main\AndroidManifest.xml:70:13-52
	android:name
		ADDED from src\main\AndroidManifest.xml:68:13-61
activity#com.easemob.lamb.ui.MainImage
ADDED from src\main\AndroidManifest.xml:72:9-76:20
	android:screenOrientation
		ADDED from src\main\AndroidManifest.xml:74:13-49
	android:theme
		ADDED from src\main\AndroidManifest.xml:75:13-52
	android:name
		ADDED from src\main\AndroidManifest.xml:73:13-41
activity#com.easemob.easeui.ui.MainImage
ADDED from src\main\AndroidManifest.xml:77:9-81:20
	android:screenOrientation
		ADDED from src\main\AndroidManifest.xml:79:13-49
	android:theme
		ADDED from src\main\AndroidManifest.xml:80:13-52
	android:name
		ADDED from src\main\AndroidManifest.xml:78:13-59
activity#com.easemob.lamb.db.appupdate.SplashActivity
ADDED from src\main\AndroidManifest.xml:84:9-88:20
	android:screenOrientation
		ADDED from src\main\AndroidManifest.xml:86:13-49
	android:theme
		ADDED from src\main\AndroidManifest.xml:87:13-52
	android:name
		ADDED from src\main\AndroidManifest.xml:85:13-72
activity#com.easemob.lamb.ui.RegisterActivity
ADDED from src\main\AndroidManifest.xml:91:9-96:20
	android:screenOrientation
		ADDED from src\main\AndroidManifest.xml:93:13-49
	android:windowSoftInputMode
		ADDED from src\main\AndroidManifest.xml:95:13-68
	android:theme
		ADDED from src\main\AndroidManifest.xml:94:13-52
	android:name
		ADDED from src\main\AndroidManifest.xml:92:13-64
activity#com.easemob.lamb.ui.ChatActivity
ADDED from src\main\AndroidManifest.xml:98:9-104:20
	android:screenOrientation
		ADDED from src\main\AndroidManifest.xml:101:13-49
	android:launchMode
		ADDED from src\main\AndroidManifest.xml:100:13-43
	android:windowSoftInputMode
		ADDED from src\main\AndroidManifest.xml:103:13-55
	android:theme
		ADDED from src\main\AndroidManifest.xml:102:13-52
	android:name
		ADDED from src\main\AndroidManifest.xml:99:13-60
activity#com.easemob.applib.ui.ChatActivity
ADDED from src\main\AndroidManifest.xml:106:9-112:20
	android:screenOrientation
		ADDED from src\main\AndroidManifest.xml:109:13-49
	android:launchMode
		ADDED from src\main\AndroidManifest.xml:108:13-43
	android:windowSoftInputMode
		ADDED from src\main\AndroidManifest.xml:111:13-55
	android:theme
		ADDED from src\main\AndroidManifest.xml:110:13-52
	android:name
		ADDED from src\main\AndroidManifest.xml:107:13-62
activity#com.easemob.lamb.ui.AddContactActivity
ADDED from src\main\AndroidManifest.xml:114:9-119:20
	android:screenOrientation
		ADDED from src\main\AndroidManifest.xml:116:13-49
	android:windowSoftInputMode
		ADDED from src\main\AndroidManifest.xml:117:13-55
	android:theme
		ADDED from src\main\AndroidManifest.xml:118:13-52
	android:name
		ADDED from src\main\AndroidManifest.xml:115:13-66
activity#com.easemob.lamb.ui.GroupDetailsActivity
ADDED from src\main\AndroidManifest.xml:121:9-125:20
	android:screenOrientation
		ADDED from src\main\AndroidManifest.xml:123:13-49
	android:theme
		ADDED from src\main\AndroidManifest.xml:124:13-52
	android:name
		ADDED from src\main\AndroidManifest.xml:122:13-68
activity#com.easemob.lamb.ui.GroupsActivity
ADDED from src\main\AndroidManifest.xml:127:9-132:20
	android:screenOrientation
		ADDED from src\main\AndroidManifest.xml:129:13-49
	android:windowSoftInputMode
		ADDED from src\main\AndroidManifest.xml:131:13-52
	android:theme
		ADDED from src\main\AndroidManifest.xml:130:13-52
	android:name
		ADDED from src\main\AndroidManifest.xml:128:13-62
activity#com.easemob.lamb.ui.ChatRoomActivity
ADDED from src\main\AndroidManifest.xml:134:9-139:20
	android:screenOrientation
		ADDED from src\main\AndroidManifest.xml:136:13-49
	android:windowSoftInputMode
		ADDED from src\main\AndroidManifest.xml:138:13-52
	android:theme
		ADDED from src\main\AndroidManifest.xml:137:13-52
	android:name
		ADDED from src\main\AndroidManifest.xml:135:13-64
activity#com.easemob.lamb.ui.ChatRoomDetailsActivity
ADDED from src\main\AndroidManifest.xml:141:9-145:20
	android:screenOrientation
		ADDED from src\main\AndroidManifest.xml:143:13-49
	android:theme
		ADDED from src\main\AndroidManifest.xml:144:13-52
	android:name
		ADDED from src\main\AndroidManifest.xml:142:13-71
activity#com.easemob.lamb.ui.NewGroupActivity
ADDED from src\main\AndroidManifest.xml:148:9-153:20
	android:screenOrientation
		ADDED from src\main\AndroidManifest.xml:150:13-49
	android:windowSoftInputMode
		ADDED from src\main\AndroidManifest.xml:152:13-52
	android:theme
		ADDED from src\main\AndroidManifest.xml:151:13-52
	android:name
		ADDED from src\main\AndroidManifest.xml:149:13-64
activity#com.easemob.lamb.ui.ExitGroupDialog
ADDED from src\main\AndroidManifest.xml:155:9-159:20
	android:screenOrientation
		ADDED from src\main\AndroidManifest.xml:157:13-49
	android:theme
		ADDED from src\main\AndroidManifest.xml:158:13-55
	android:name
		ADDED from src\main\AndroidManifest.xml:156:13-63
activity#com.easemob.lamb.ui.GroupPickContactsActivity
ADDED from src\main\AndroidManifest.xml:161:9-166:20
	android:screenOrientation
		ADDED from src\main\AndroidManifest.xml:163:13-49
	android:windowSoftInputMode
		ADDED from src\main\AndroidManifest.xml:165:13-52
	android:theme
		ADDED from src\main\AndroidManifest.xml:164:13-52
	android:name
		ADDED from src\main\AndroidManifest.xml:162:13-73
activity#com.easemob.easeui.ui.EaseBaiduMapActivity
ADDED from src\main\AndroidManifest.xml:168:9-172:20
	android:screenOrientation
		ADDED from src\main\AndroidManifest.xml:170:13-49
	android:theme
		ADDED from src\main\AndroidManifest.xml:171:13-52
	android:name
		ADDED from src\main\AndroidManifest.xml:169:13-70
activity#com.easemob.lamb.ui.NewFriendsMsgActivity
ADDED from src\main\AndroidManifest.xml:175:9-179:20
	android:screenOrientation
		ADDED from src\main\AndroidManifest.xml:177:13-49
	android:theme
		ADDED from src\main\AndroidManifest.xml:178:13-52
	android:name
		ADDED from src\main\AndroidManifest.xml:176:13-69
activity#com.easemob.lamb.ui.ForwardMessageActivity
ADDED from src\main\AndroidManifest.xml:181:9-186:20
	android:screenOrientation
		ADDED from src\main\AndroidManifest.xml:183:13-49
	android:windowSoftInputMode
		ADDED from src\main\AndroidManifest.xml:185:13-52
	android:theme
		ADDED from src\main\AndroidManifest.xml:184:13-52
	android:name
		ADDED from src\main\AndroidManifest.xml:182:13-70
activity#com.easemob.lamb.ui.ContextMenuActivity
ADDED from src\main\AndroidManifest.xml:188:9-192:20
	android:screenOrientation
		ADDED from src\main\AndroidManifest.xml:190:13-49
	android:theme
		ADDED from src\main\AndroidManifest.xml:191:13-49
	android:name
		ADDED from src\main\AndroidManifest.xml:189:13-67
activity#com.easemob.easeui.ui.EaseShowBigImageActivity
ADDED from src\main\AndroidManifest.xml:194:9-198:20
	android:screenOrientation
		ADDED from src\main\AndroidManifest.xml:196:13-49
	android:theme
		ADDED from src\main\AndroidManifest.xml:197:13-52
	android:name
		ADDED from src\main\AndroidManifest.xml:195:13-74
activity#com.easemob.easeui.ui.EaseShowNormalFileActivity
ADDED from src\main\AndroidManifest.xml:200:9-204:20
	android:screenOrientation
		ADDED from src\main\AndroidManifest.xml:202:13-49
	android:theme
		ADDED from src\main\AndroidManifest.xml:203:13-52
	android:name
		ADDED from src\main\AndroidManifest.xml:201:13-76
activity#com.easemob.lamb.ui.BlacklistActivity
ADDED from src\main\AndroidManifest.xml:206:9-210:20
	android:screenOrientation
		ADDED from src\main\AndroidManifest.xml:208:13-49
	android:theme
		ADDED from src\main\AndroidManifest.xml:209:13-52
	android:name
		ADDED from src\main\AndroidManifest.xml:207:13-65
activity#com.easemob.lamb.ui.PublicGroupsActivity
ADDED from src\main\AndroidManifest.xml:213:9-218:20
	android:screenOrientation
		ADDED from src\main\AndroidManifest.xml:215:13-49
	android:windowSoftInputMode
		ADDED from src\main\AndroidManifest.xml:217:13-52
	android:theme
		ADDED from src\main\AndroidManifest.xml:216:13-52
	android:name
		ADDED from src\main\AndroidManifest.xml:214:13-68
activity#com.easemob.lamb.ui.PublicChatRoomsActivity
ADDED from src\main\AndroidManifest.xml:220:9-225:20
	android:screenOrientation
		ADDED from src\main\AndroidManifest.xml:222:13-49
	android:windowSoftInputMode
		ADDED from src\main\AndroidManifest.xml:224:13-52
	android:theme
		ADDED from src\main\AndroidManifest.xml:223:13-52
	android:name
		ADDED from src\main\AndroidManifest.xml:221:13-71
activity#com.easemob.lamb.ui.VoiceCallActivity
ADDED from src\main\AndroidManifest.xml:228:9-233:20
	android:screenOrientation
		ADDED from src\main\AndroidManifest.xml:230:13-49
	android:launchMode
		ADDED from src\main\AndroidManifest.xml:231:13-44
	android:theme
		ADDED from src\main\AndroidManifest.xml:232:13-48
	android:name
		ADDED from src\main\AndroidManifest.xml:229:13-65
activity#com.easemob.lamb.ui.VideoCallActivity
ADDED from src\main\AndroidManifest.xml:235:9-241:20
	android:screenOrientation
		ADDED from src\main\AndroidManifest.xml:238:13-49
	android:launchMode
		ADDED from src\main\AndroidManifest.xml:239:13-44
	android:configChanges
		ADDED from src\main\AndroidManifest.xml:237:13-74
	android:theme
		ADDED from src\main\AndroidManifest.xml:240:13-52
	android:name
		ADDED from src\main\AndroidManifest.xml:236:13-65
activity#com.easemob.lamb.ui.GroupSimpleDetailActivity
ADDED from src\main\AndroidManifest.xml:243:9-247:20
	android:screenOrientation
		ADDED from src\main\AndroidManifest.xml:245:13-49
	android:theme
		ADDED from src\main\AndroidManifest.xml:246:13-52
	android:name
		ADDED from src\main\AndroidManifest.xml:244:13-73
activity#com.easemob.lamb.ui.GroupBlacklistActivity
ADDED from src\main\AndroidManifest.xml:249:9-253:20
	android:screenOrientation
		ADDED from src\main\AndroidManifest.xml:251:13-49
	android:theme
		ADDED from src\main\AndroidManifest.xml:252:13-52
	android:name
		ADDED from src\main\AndroidManifest.xml:250:13-70
activity#com.easemob.lamb.ui.PublicGroupsSeachActivity
ADDED from src\main\AndroidManifest.xml:254:9-258:20
	android:screenOrientation
		ADDED from src\main\AndroidManifest.xml:256:13-49
	android:theme
		ADDED from src\main\AndroidManifest.xml:257:13-52
	android:name
		ADDED from src\main\AndroidManifest.xml:255:13-73
activity#com.easemob.lamb.ui.EditActivity
ADDED from src\main\AndroidManifest.xml:259:9-264:20
	android:screenOrientation
		ADDED from src\main\AndroidManifest.xml:261:13-49
	android:windowSoftInputMode
		ADDED from src\main\AndroidManifest.xml:263:13-55
	android:theme
		ADDED from src\main\AndroidManifest.xml:262:13-52
	android:name
		ADDED from src\main\AndroidManifest.xml:260:13-60
activity#com.easemob.easeui.ui.EaseShowVideoActivity
ADDED from src\main\AndroidManifest.xml:265:9-270:20
	android:screenOrientation
		ADDED from src\main\AndroidManifest.xml:267:13-49
	android:windowSoftInputMode
		ADDED from src\main\AndroidManifest.xml:269:13-60
	android:theme
		ADDED from src\main\AndroidManifest.xml:268:13-52
	android:name
		ADDED from src\main\AndroidManifest.xml:266:13-71
activity#com.easemob.lamb.ui.ImageGridActivity
ADDED from src\main\AndroidManifest.xml:272:9-277:20
	android:screenOrientation
		ADDED from src\main\AndroidManifest.xml:274:13-49
	android:windowSoftInputMode
		ADDED from src\main\AndroidManifest.xml:276:13-60
	android:theme
		ADDED from src\main\AndroidManifest.xml:275:13-52
	android:name
		ADDED from src\main\AndroidManifest.xml:273:13-65
activity#com.easemob.lamb.ui.RecorderVideoActivity
ADDED from src\main\AndroidManifest.xml:278:9-283:20
	android:screenOrientation
		ADDED from src\main\AndroidManifest.xml:280:13-49
	android:windowSoftInputMode
		ADDED from src\main\AndroidManifest.xml:282:13-60
	android:theme
		ADDED from src\main\AndroidManifest.xml:281:13-52
	android:name
		ADDED from src\main\AndroidManifest.xml:279:13-69
activity#com.easemob.lamb.ui.DiagnoseActivity
ADDED from src\main\AndroidManifest.xml:285:9-290:20
	android:screenOrientation
		ADDED from src\main\AndroidManifest.xml:287:13-49
	android:windowSoftInputMode
		ADDED from src\main\AndroidManifest.xml:289:13-60
	android:theme
		ADDED from src\main\AndroidManifest.xml:288:13-52
	android:name
		ADDED from src\main\AndroidManifest.xml:286:13-64
activity#com.easemob.lamb.ui.OfflinePushNickActivity
ADDED from src\main\AndroidManifest.xml:293:9-298:20
	android:screenOrientation
		ADDED from src\main\AndroidManifest.xml:295:13-49
	android:windowSoftInputMode
		ADDED from src\main\AndroidManifest.xml:297:13-60
	android:theme
		ADDED from src\main\AndroidManifest.xml:296:13-52
	android:name
		ADDED from src\main\AndroidManifest.xml:294:13-71
activity#com.easemob.lamb.ui.RobotsActivity
ADDED from src\main\AndroidManifest.xml:300:9-305:25
	android:screenOrientation
		ADDED from src\main\AndroidManifest.xml:302:13-49
	android:windowSoftInputMode
		ADDED from src\main\AndroidManifest.xml:304:13-60
	android:theme
		ADDED from src\main\AndroidManifest.xml:303:13-52
	android:name
		ADDED from src\main\AndroidManifest.xml:301:13-62
activity#com.easemob.lamb.ui.UserProfileActivity
ADDED from src\main\AndroidManifest.xml:307:3-311:19
	android:screenOrientation
		ADDED from src\main\AndroidManifest.xml:309:7-43
	android:theme
		ADDED from src\main\AndroidManifest.xml:310:7-46
	android:name
		ADDED from src\main\AndroidManifest.xml:308:7-61
receiver#com.easemob.chat.StartServiceReceiver
ADDED from src\main\AndroidManifest.xml:314:9-321:20
	android:name
		ADDED from src\main\AndroidManifest.xml:314:19-71
intent-filter#android.intent.action.BOOT_COMPLETED+android.intent.action.QUICKBOOT_POWERON+android.intent.category.LAUNCHER
ADDED from src\main\AndroidManifest.xml:315:13-320:29
	android:priority
		ADDED from src\main\AndroidManifest.xml:315:28-51
action#android.intent.action.BOOT_COMPLETED
ADDED from src\main\AndroidManifest.xml:316:17-79
	android:name
		ADDED from src\main\AndroidManifest.xml:316:25-76
action#android.intent.action.QUICKBOOT_POWERON
ADDED from src\main\AndroidManifest.xml:317:17-82
	android:name
		ADDED from src\main\AndroidManifest.xml:317:25-79
receiver#com.easemob.chat.EMGCMBroadcastReceiver
ADDED from src\main\AndroidManifest.xml:324:9-332:20
	android:exported
		ADDED from src\main\AndroidManifest.xml:326:13-36
	android:permission
		ADDED from src\main\AndroidManifest.xml:327:13-73
	android:name
		ADDED from src\main\AndroidManifest.xml:325:13-67
intent-filter#com.easemob.chatuidemo+com.google.android.c2dm.intent.RECEIVE
ADDED from src\main\AndroidManifest.xml:328:13-331:29
action#com.google.android.c2dm.intent.RECEIVE
ADDED from src\main\AndroidManifest.xml:329:17-81
	android:name
		ADDED from src\main\AndroidManifest.xml:329:25-78
category#com.easemob.chatuidemo
ADDED from src\main\AndroidManifest.xml:330:17-67
	android:name
		ADDED from src\main\AndroidManifest.xml:330:27-64
service#com.easemob.chat.EMGCMListenerService
ADDED from src\main\AndroidManifest.xml:334:9-336:19
	android:exported
		ADDED from src\main\AndroidManifest.xml:335:13-37
	android:name
		ADDED from src\main\AndroidManifest.xml:334:18-70
receiver#com.easemob.lamb.receiver.GCMPushBroadCast
ADDED from src\main\AndroidManifest.xml:338:9-345:20
	android:exported
		ADDED from src\main\AndroidManifest.xml:340:13-37
	android:name
		ADDED from src\main\AndroidManifest.xml:339:13-70
intent-filter#com.easemob.chatuidemo+com.easemob.sdk.push
ADDED from src\main\AndroidManifest.xml:341:13-344:29
action#com.easemob.sdk.push
ADDED from src\main\AndroidManifest.xml:342:17-62
	android:name
		ADDED from src\main\AndroidManifest.xml:342:25-60
meta-data#EASEMOB_APPKEY
ADDED from src\main\AndroidManifest.xml:349:9-351:48
	android:value
		ADDED from src\main\AndroidManifest.xml:351:13-45
	android:name
		ADDED from src\main\AndroidManifest.xml:350:13-42
service#com.easemob.chat.EMChatService
ADDED from src\main\AndroidManifest.xml:353:9-355:15
	android:exported
		ADDED from src\main\AndroidManifest.xml:354:13-36
	android:name
		ADDED from src\main\AndroidManifest.xml:353:18-63
receiver#com.easemob.chat.EMMonitorReceiver
ADDED from src\main\AndroidManifest.xml:357:9-367:20
	android:name
		ADDED from src\main\AndroidManifest.xml:357:19-68
intent-filter#android.intent.action.PACKAGE_REMOVED
ADDED from src\main\AndroidManifest.xml:358:13-361:29
action#android.intent.action.PACKAGE_REMOVED
ADDED from src\main\AndroidManifest.xml:359:17-79
	android:name
		ADDED from src\main\AndroidManifest.xml:359:25-77
data
ADDED from src\main\AndroidManifest.xml:360:17-49
	android:scheme
		ADDED from src\main\AndroidManifest.xml:360:23-47
intent-filter#android.intent.action.BOOT_COMPLETED+android.intent.action.USER_PRESENT
ADDED from src\main\AndroidManifest.xml:363:13-366:29
action#android.intent.action.USER_PRESENT
ADDED from src\main\AndroidManifest.xml:365:17-77
	android:name
		ADDED from src\main\AndroidManifest.xml:365:25-74
service#com.baidu.location.f
ADDED from src\main\AndroidManifest.xml:370:9-373:41
	android:enabled
		ADDED from src\main\AndroidManifest.xml:372:13-35
	android:process
		ADDED from src\main\AndroidManifest.xml:373:13-38
	android:name
		ADDED from src\main\AndroidManifest.xml:371:13-48
meta-data#UMENG_APPKEY
ADDED from src\main\AndroidManifest.xml:375:9-378:21
	android:value
		ADDED from src\main\AndroidManifest.xml:377:13-53
	android:name
		ADDED from src\main\AndroidManifest.xml:376:13-40
meta-data#UMENG_CHANNEL
ADDED from src\main\AndroidManifest.xml:379:9-74
	android:value
		ADDED from src\main\AndroidManifest.xml:379:20-43
	android:name
		ADDED from src\main\AndroidManifest.xml:379:44-72
meta-data#com.baidu.lbsapi.API_KEY
ADDED from src\main\AndroidManifest.xml:380:9-382:64
	android:value
		ADDED from src\main\AndroidManifest.xml:382:13-61
	android:name
		ADDED from src\main\AndroidManifest.xml:381:13-52